<?xml version="1.0" encoding="UTF-8"?>
<!-- Generated by org.testng.reporters.JUnitXMLReporter -->
<testsuite ignored="1" hostname="LAPTOP-KPEDOO5G" failures="0" tests="1" name="Default test" time="25.144" errors="0" timestamp="2024-06-07T01:31:08 IST">
  <testcase classname="com.seleniumconcepts.SELENIUMCONCEPT.DynamicWebtable" name="loginToMoneyControl" time="0.043"/>
  <testcase classname="com.seleniumconcepts.SELENIUMCONCEPT.DynamicWebtable" name="findMaxValueinWebtable" time="0.0">
    <ignored/>
  </testcase> <!-- findMaxValueinWebtable -->
</testsuite> <!-- Default test -->
