<?xml version="1.0" encoding="UTF-8"?>
<!-- Generated by org.testng.reporters.JUnitXMLReporter -->
<testsuite ignored="2" hostname="LAPTOP-KPEDOO5G" failures="0" tests="1" name="Default test" time="63.984" errors="0" timestamp="2024-06-11T01:17:55 IST">
  <testcase classname="com.seleniumconcepts.SELENIUMCONCEPT.PDFContentValidationFor_ComprehensiveEncounter" name="verifyHomepage" time="19.737"/>
  <testcase classname="com.seleniumconcepts.SELENIUMCONCEPT.PDFContentValidationFor_ComprehensiveEncounter" name="findMaxValueinWebtable" time="0.0">
    <ignored/>
  </testcase> <!-- findMaxValueinWebtable -->
  <testcase classname="com.seleniumconcepts.SELENIUMCONCEPT.PDFContentValidationFor_ComprehensiveEncounter" name="loginToMoneyControl" time="0.0">
    <ignored/>
  </testcase> <!-- loginToMoneyControl -->
</testsuite> <!-- Default test -->
