<?xml version="1.0" encoding="UTF-8"?>
<!-- Generated by org.testng.reporters.JUnitXMLReporter -->
<testsuite ignored="0" hostname="LAPTOP-KPEDOO5G" failures="1" tests="1" name="Chrometest" time="28.706" errors="0" timestamp="2024-06-06T16:19:24 IST">
  <testcase classname="com.seleniumconcepts.SELENIUMCONCEPT.DynamicWebtable" name="findMaxValueinWebtable" time="0.045">
    <failure type="java.lang.NullPointerException" message="Cannot invoke &amp;quot;org.openqa.selenium.WebDriver.switchTo()&amp;quot; because &amp;quot;driver&amp;quot; is null">
      <![CDATA[java.lang.NullPointerException: Cannot invoke "org.openqa.selenium.WebDriver.switchTo()" because "driver" is null
at org.openqa.selenium.support.ui.ExpectedConditions$28.apply(ExpectedConditions.java:792)
at org.openqa.selenium.support.ui.ExpectedConditions$28.apply(ExpectedConditions.java:788)
at org.openqa.selenium.support.ui.FluentWait.until(FluentWait.java:203)
at com.seleniumconcepts.SELENIUMCONCEPT.Utility.Alerthandle(Utility.java:18)
at com.seleniumconcepts.SELENIUMCONCEPT.DynamicWebtable.findMaxValueinWebtable(DynamicWebtable.java:23)
at java.base/java.util.ArrayList.forEach(ArrayList.java:1597)
... Removed 25 stack frames]]>
    </failure>
  </testcase> <!-- findMaxValueinWebtable -->
</testsuite> <!-- Chrometest -->
