<?xml version="1.0" encoding="UTF-8"?>
<testng-results ignored="2" total="3" passed="1" failed="0" skipped="0">
  <reporter-output>
  </reporter-output>
  <suite started-at="2024-06-11T01:16:51 IST" name="Default suite" finished-at="2024-06-11T01:17:55 IST" duration-ms="63984">
    <groups>
    </groups>
    <test started-at="2024-06-11T01:16:51 IST" name="Default test" finished-at="2024-06-11T01:17:55 IST" duration-ms="63984">
      <class name="com.seleniumconcepts.SELENIUMCONCEPT.PDFContentValidationFor_ComprehensiveEncounter">
        <test-method is-config="true" signature="browserSetUp()[pri:0, instance:com.seleniumconcepts.SELENIUMCONCEPT.PDFContentValidationFor_ComprehensiveEncounter@39529185]" started-at="2024-06-11T01:16:51 IST" name="browserSetUp" finished-at="2024-06-11T01:17:35 IST" duration-ms="43861" status="PASS">
          <reporter-output>
          </reporter-output>
        </test-method> <!-- browserSetUp -->
        <test-method signature="verifyHomepage()[pri:0, instance:com.seleniumconcepts.SELENIUMCONCEPT.PDFContentValidationFor_ComprehensiveEncounter@39529185]" started-at="2024-06-11T01:17:35 IST" name="verifyHomepage" finished-at="2024-06-11T01:17:54 IST" duration-ms="19737" status="PASS">
          <reporter-output>
          </reporter-output>
        </test-method> <!-- verifyHomepage -->
        <test-method is-config="true" signature="deleteSession()[pri:0, instance:com.seleniumconcepts.SELENIUMCONCEPT.PDFContentValidationFor_ComprehensiveEncounter@39529185]" started-at="2024-06-11T01:17:54 IST" name="deleteSession" finished-at="2024-06-11T01:17:55 IST" duration-ms="335" status="PASS">
          <reporter-output>
          </reporter-output>
        </test-method> <!-- deleteSession -->
      </class> <!-- com.seleniumconcepts.SELENIUMCONCEPT.PDFContentValidationFor_ComprehensiveEncounter -->
    </test> <!-- Default test -->
  </suite> <!-- Default suite -->
</testng-results>
