<?xml version="1.0" encoding="UTF-8"?>
<testng-results ignored="1" total="2" passed="1" failed="0" skipped="0">
  <reporter-output>
  </reporter-output>
  <suite started-at="2024-06-07T01:30:43 IST" name="Default suite" finished-at="2024-06-07T01:31:08 IST" duration-ms="25144">
    <groups>
    </groups>
    <test started-at="2024-06-07T01:30:43 IST" name="Default test" finished-at="2024-06-07T01:31:08 IST" duration-ms="25144">
      <class name="com.seleniumconcepts.SELENIUMCONCEPT.DynamicWebtable">
        <test-method is-config="true" signature="browserSetUp()[pri:0, instance:com.seleniumconcepts.SELENIUMCONCEPT.DynamicWebtable@2145b572]" started-at="2024-06-07T01:30:43 IST" name="browserSetUp" finished-at="2024-06-07T01:31:08 IST" duration-ms="24722" status="PASS">
          <reporter-output>
          </reporter-output>
        </test-method> <!-- browserSetUp -->
        <test-method signature="loginToMoneyControl()[pri:0, instance:com.seleniumconcepts.SELENIUMCONCEPT.DynamicWebtable@2145b572]" started-at="2024-06-07T01:31:08 IST" name="loginToMoneyControl" finished-at="2024-06-07T01:31:08 IST" duration-ms="43" status="PASS">
          <reporter-output>
          </reporter-output>
        </test-method> <!-- loginToMoneyControl -->
        <test-method is-config="true" signature="deleteSession()[pri:0, instance:com.seleniumconcepts.SELENIUMCONCEPT.DynamicWebtable@2145b572]" started-at="2024-06-07T01:31:08 IST" name="deleteSession" finished-at="2024-06-07T01:31:08 IST" duration-ms="334" status="PASS">
          <reporter-output>
          </reporter-output>
        </test-method> <!-- deleteSession -->
      </class> <!-- com.seleniumconcepts.SELENIUMCONCEPT.DynamicWebtable -->
    </test> <!-- Default test -->
  </suite> <!-- Default suite -->
</testng-results>
